# JRE version: OpenJDK Runtime Environment (21.0.6) (build 21.0.6+-13355223-b631.42)
# Java VM: OpenJDK 64-Bit Server VM (21.0.6+-13355223-b631.42, mixed mode, tiered, compressed oops, compressed class ptrs, g1 gc, windows-amd64)
GC Precious Log:
 CardTable entry size: 512
 Card Set container configuration: InlinePtr #cards 5 size 8 Array Of Cards #cards 12 size 40 Howl #buckets 4 coarsen threshold 1843 Howl Bitmap #cards 512 size 80 coarsen threshold 460 Card regions per heap region 1 cards per card region 2048
 CPUs: 8 total, 8 available
 Memory: 6090M
 Large Page Support: Disabled
 NUMA Support: Disabled
 Compressed Oops: Enabled (32-bit)
 Heap Region Size: 1M
 Heap Min Capacity: 8M
 Heap Initial Capacity: 96M
 Heap Max Capacity: 2G
 Pre-touch: Disabled
 Parallel Workers: 8
 Concurrent Workers: 2
 Concurrent Refinement Workers: 8
 Periodic GC: Disabled
Heap:
 garbage-first heap   total 107520K, used 84138K [0x0000000080000000, 0x0000000100000000)
  region size 1024K, 31 young (31744K), 6 survivors (6144K)
 Metaspace       used 72224K, committed 73920K, reserved 1114112K
  class space    used 9747K, committed 10624K, reserved 1048576K
GC Heap History (20 events):
Event: 10.942 GC heap before
{Heap before GC invocations=9 (full 0):
 garbage-first heap   total 82944K, used 70384K [0x0000000080000000, 0x0000000100000000)
  region size 1024K, 46 young (47104K), 3 survivors (3072K)
 Metaspace       used 42015K, committed 43264K, reserved 1114112K
  class space    used 5701K, committed 6336K, reserved 1048576K
}
Event: 10.951 GC heap after
{Heap after GC invocations=10 (full 0):
 garbage-first heap   total 82944K, used 29372K [0x0000000080000000, 0x0000000100000000)
  region size 1024K, 6 young (6144K), 6 survivors (6144K)
 Metaspace       used 42015K, committed 43264K, reserved 1114112K
  class space    used 5701K, committed 6336K, reserved 1048576K
}
Event: 12.013 GC heap before
{Heap before GC invocations=10 (full 0):
 garbage-first heap   total 82944K, used 69308K [0x0000000080000000, 0x0000000100000000)
  region size 1024K, 46 young (47104K), 6 survivors (6144K)
 Metaspace       used 46718K, committed 47936K, reserved 1114112K
  class space    used 6248K, committed 6848K, reserved 1048576K
}
Event: 12.026 GC heap after
{Heap after GC invocations=11 (full 0):
 garbage-first heap   total 82944K, used 32253K [0x0000000080000000, 0x0000000100000000)
  region size 1024K, 6 young (6144K), 6 survivors (6144K)
 Metaspace       used 46718K, committed 47936K, reserved 1114112K
  class space    used 6248K, committed 6848K, reserved 1048576K
}
Event: 13.470 GC heap before
{Heap before GC invocations=11 (full 0):
 garbage-first heap   total 82944K, used 71165K [0x0000000080000000, 0x0000000100000000)
  region size 1024K, 44 young (45056K), 6 survivors (6144K)
 Metaspace       used 49249K, committed 50624K, reserved 1114112K
  class space    used 6657K, committed 7360K, reserved 1048576K
}
Event: 13.480 GC heap after
{Heap after GC invocations=12 (full 0):
 garbage-first heap   total 100352K, used 34709K [0x0000000080000000, 0x0000000100000000)
  region size 1024K, 6 young (6144K), 6 survivors (6144K)
 Metaspace       used 49249K, committed 50624K, reserved 1114112K
  class space    used 6657K, committed 7360K, reserved 1048576K
}
Event: 16.409 GC heap before
{Heap before GC invocations=12 (full 0):
 garbage-first heap   total 100352K, used 88981K [0x0000000080000000, 0x0000000100000000)
  region size 1024K, 57 young (58368K), 6 survivors (6144K)
 Metaspace       used 56819K, committed 58368K, reserved 1114112K
  class space    used 7659K, committed 8448K, reserved 1048576K
}
Event: 16.417 GC heap after
{Heap after GC invocations=13 (full 0):
 garbage-first heap   total 100352K, used 36979K [0x0000000080000000, 0x0000000100000000)
  region size 1024K, 5 young (5120K), 5 survivors (5120K)
 Metaspace       used 56819K, committed 58368K, reserved 1114112K
  class space    used 7659K, committed 8448K, reserved 1048576K
}
Event: 17.109 GC heap before
{Heap before GC invocations=13 (full 0):
 garbage-first heap   total 100352K, used 53363K [0x0000000080000000, 0x0000000100000000)
  region size 1024K, 22 young (22528K), 5 survivors (5120K)
 Metaspace       used 59318K, committed 60800K, reserved 1114112K
  class space    used 8024K, committed 8768K, reserved 1048576K
}
Event: 17.116 GC heap after
{Heap after GC invocations=14 (full 0):
 garbage-first heap   total 100352K, used 37976K [0x0000000080000000, 0x0000000100000000)
  region size 1024K, 3 young (3072K), 3 survivors (3072K)
 Metaspace       used 59318K, committed 60800K, reserved 1114112K
  class space    used 8024K, committed 8768K, reserved 1048576K
}
Event: 19.155 GC heap before
{Heap before GC invocations=15 (full 0):
 garbage-first heap   total 100352K, used 90200K [0x0000000080000000, 0x0000000100000000)
  region size 1024K, 54 young (55296K), 3 survivors (3072K)
 Metaspace       used 65366K, committed 67008K, reserved 1114112K
  class space    used 8948K, committed 9792K, reserved 1048576K
}
Event: 19.167 GC heap after
{Heap after GC invocations=16 (full 0):
 garbage-first heap   total 100352K, used 42276K [0x0000000080000000, 0x0000000100000000)
  region size 1024K, 7 young (7168K), 7 survivors (7168K)
 Metaspace       used 65366K, committed 67008K, reserved 1114112K
  class space    used 8948K, committed 9792K, reserved 1048576K
}
Event: 20.260 GC heap before
{Heap before GC invocations=16 (full 0):
 garbage-first heap   total 100352K, used 85284K [0x0000000080000000, 0x0000000100000000)
  region size 1024K, 50 young (51200K), 7 survivors (7168K)
 Metaspace       used 66496K, committed 68160K, reserved 1114112K
  class space    used 9077K, committed 9920K, reserved 1048576K
}
Event: 20.273 GC heap after
{Heap after GC invocations=17 (full 0):
 garbage-first heap   total 100352K, used 45515K [0x0000000080000000, 0x0000000100000000)
  region size 1024K, 4 young (4096K), 4 survivors (4096K)
 Metaspace       used 66496K, committed 68160K, reserved 1114112K
  class space    used 9077K, committed 9920K, reserved 1048576K
}
Event: 20.924 GC heap before
{Heap before GC invocations=17 (full 0):
 garbage-first heap   total 100352K, used 88523K [0x0000000080000000, 0x0000000100000000)
  region size 1024K, 47 young (48128K), 4 survivors (4096K)
 Metaspace       used 66732K, committed 68416K, reserved 1114112K
  class space    used 9077K, committed 9920K, reserved 1048576K
}
Event: 20.929 GC heap after
{Heap after GC invocations=18 (full 0):
 garbage-first heap   total 100352K, used 47016K [0x0000000080000000, 0x0000000100000000)
  region size 1024K, 3 young (3072K), 3 survivors (3072K)
 Metaspace       used 66732K, committed 68416K, reserved 1114112K
  class space    used 9077K, committed 9920K, reserved 1048576K
}
Event: 21.269 GC heap before
{Heap before GC invocations=18 (full 0):
 garbage-first heap   total 100352K, used 70568K [0x0000000080000000, 0x0000000100000000)
  region size 1024K, 28 young (28672K), 3 survivors (3072K)
 Metaspace       used 66980K, committed 68672K, reserved 1114112K
  class space    used 9116K, committed 9984K, reserved 1048576K
}
Event: 21.273 GC heap after
{Heap after GC invocations=19 (full 0):
 garbage-first heap   total 100352K, used 48253K [0x0000000080000000, 0x0000000100000000)
  region size 1024K, 4 young (4096K), 4 survivors (4096K)
 Metaspace       used 66980K, committed 68672K, reserved 1114112K
  class space    used 9116K, committed 9984K, reserved 1048576K
}
Event: 22.337 GC heap before
{Heap before GC invocations=20 (full 0):
 garbage-first heap   total 100352K, used 95357K [0x0000000080000000, 0x0000000100000000)
  region size 1024K, 44 young (45056K), 4 survivors (4096K)
 Metaspace       used 69782K, committed 71488K, reserved 1114112K
  class space    used 9489K, committed 10368K, reserved 1048576K
}
Event: 22.347 GC heap after
{Heap after GC invocations=21 (full 0):
 garbage-first heap   total 107520K, used 60586K [0x0000000080000000, 0x0000000100000000)
  region size 1024K, 6 young (6144K), 6 survivors (6144K)
 Metaspace       used 69782K, committed 71488K, reserved 1114112K
  class space    used 9489K, committed 10368K, reserved 1048576K
}

