# JRE version: OpenJDK Runtime Environment (21.0.6) (build 21.0.6+-13355223-b631.42)
# Java VM: OpenJDK 64-Bit Server VM (21.0.6+-13355223-b631.42, mixed mode, tiered, compressed oops, compressed class ptrs, g1 gc, windows-amd64)
GC Precious Log:
 CardTable entry size: 512
 Card Set container configuration: InlinePtr #cards 5 size 8 Array Of Cards #cards 12 size 40 Howl #buckets 4 coarsen threshold 1843 Howl Bitmap #cards 512 size 80 coarsen threshold 460 Card regions per heap region 1 cards per card region 2048
 CPUs: 8 total, 8 available
 Memory: 6090M
 Large Page Support: Disabled
 NUMA Support: Disabled
 Compressed Oops: Enabled (32-bit)
 Heap Region Size: 1M
 Heap Min Capacity: 8M
 Heap Initial Capacity: 96M
 Heap Max Capacity: 2G
 Pre-touch: Disabled
 Parallel Workers: 8
 Concurrent Workers: 2
 Concurrent Refinement Workers: 8
 Periodic GC: Disabled
Heap:
 garbage-first heap   total 95232K, used 83275K [0x0000000080000000, 0x0000000100000000)
  region size 1024K, 50 young (51200K), 2 survivors (2048K)
 Metaspace       used 54633K, committed 56128K, reserved 1114112K
  class space    used 7352K, committed 8064K, reserved 1048576K
GC Heap History (20 events):
Event: 1.055 GC heap before
{Heap before GC invocations=0 (full 0):
 garbage-first heap   total 98304K, used 22528K [0x0000000080000000, 0x0000000100000000)
  region size 1024K, 23 young (23552K), 0 survivors (0K)
 Metaspace       used 7994K, committed 8128K, reserved 1114112K
  class space    used 712K, committed 768K, reserved 1048576K
}
Event: 1.063 GC heap after
{Heap after GC invocations=1 (full 0):
 garbage-first heap   total 98304K, used 3504K [0x0000000080000000, 0x0000000100000000)
  region size 1024K, 3 young (3072K), 3 survivors (3072K)
 Metaspace       used 7994K, committed 8128K, reserved 1114112K
  class space    used 712K, committed 768K, reserved 1048576K
}
Event: 2.419 GC heap before
{Heap before GC invocations=1 (full 0):
 garbage-first heap   total 98304K, used 40368K [0x0000000080000000, 0x0000000100000000)
  region size 1024K, 36 young (36864K), 3 survivors (3072K)
 Metaspace       used 12165K, committed 12352K, reserved 1114112K
  class space    used 1278K, committed 1408K, reserved 1048576K
}
Event: 2.431 GC heap after
{Heap after GC invocations=2 (full 0):
 garbage-first heap   total 98304K, used 10676K [0x0000000080000000, 0x0000000100000000)
  region size 1024K, 5 young (5120K), 5 survivors (5120K)
 Metaspace       used 12165K, committed 12352K, reserved 1114112K
  class space    used 1278K, committed 1408K, reserved 1048576K
}
Event: 3.510 GC heap before
{Heap before GC invocations=2 (full 0):
 garbage-first heap   total 98304K, used 55732K [0x0000000080000000, 0x0000000100000000)
  region size 1024K, 47 young (48128K), 5 survivors (5120K)
 Metaspace       used 12508K, committed 12736K, reserved 1114112K
  class space    used 1333K, committed 1472K, reserved 1048576K
}
Event: 3.522 GC heap after
{Heap after GC invocations=3 (full 0):
 garbage-first heap   total 98304K, used 16827K [0x0000000080000000, 0x0000000100000000)
  region size 1024K, 5 young (5120K), 5 survivors (5120K)
 Metaspace       used 12508K, committed 12736K, reserved 1114112K
  class space    used 1333K, committed 1472K, reserved 1048576K
}
Event: 5.010 GC heap before
{Heap before GC invocations=3 (full 0):
 garbage-first heap   total 98304K, used 45499K [0x0000000080000000, 0x0000000100000000)
  region size 1024K, 34 young (34816K), 5 survivors (5120K)
 Metaspace       used 21138K, committed 21504K, reserved 1114112K
  class space    used 2439K, committed 2624K, reserved 1048576K
}
Event: 5.023 GC heap after
{Heap after GC invocations=4 (full 0):
 garbage-first heap   total 98304K, used 20355K [0x0000000080000000, 0x0000000100000000)
  region size 1024K, 4 young (4096K), 4 survivors (4096K)
 Metaspace       used 21138K, committed 21504K, reserved 1114112K
  class space    used 2439K, committed 2624K, reserved 1048576K
}
Event: 6.928 GC heap before
{Heap before GC invocations=5 (full 0):
 garbage-first heap   total 71680K, used 69507K [0x0000000080000000, 0x0000000100000000)
  region size 1024K, 53 young (54272K), 4 survivors (4096K)
 Metaspace       used 29439K, committed 30016K, reserved 1114112K
  class space    used 3754K, committed 4032K, reserved 1048576K
}
Event: 6.942 GC heap after
{Heap after GC invocations=6 (full 0):
 garbage-first heap   total 78848K, used 23373K [0x0000000080000000, 0x0000000100000000)
  region size 1024K, 7 young (7168K), 7 survivors (7168K)
 Metaspace       used 29439K, committed 30016K, reserved 1114112K
  class space    used 3754K, committed 4032K, reserved 1048576K
}
Event: 8.151 GC heap before
{Heap before GC invocations=6 (full 0):
 garbage-first heap   total 78848K, used 62285K [0x0000000080000000, 0x0000000100000000)
  region size 1024K, 46 young (47104K), 7 survivors (7168K)
 Metaspace       used 34898K, committed 35712K, reserved 1114112K
  class space    used 4644K, committed 5056K, reserved 1048576K
}
Event: 8.161 GC heap after
{Heap after GC invocations=7 (full 0):
 garbage-first heap   total 78848K, used 25766K [0x0000000080000000, 0x0000000100000000)
  region size 1024K, 6 young (6144K), 6 survivors (6144K)
 Metaspace       used 34898K, committed 35712K, reserved 1114112K
  class space    used 4644K, committed 5056K, reserved 1048576K
}
Event: 8.260 GC heap before
{Heap before GC invocations=7 (full 0):
 garbage-first heap   total 78848K, used 28838K [0x0000000080000000, 0x0000000100000000)
  region size 1024K, 10 young (10240K), 6 survivors (6144K)
 Metaspace       used 35235K, committed 36096K, reserved 1114112K
  class space    used 4712K, committed 5120K, reserved 1048576K
}
Event: 8.268 GC heap after
{Heap after GC invocations=8 (full 0):
 garbage-first heap   total 78848K, used 26160K [0x0000000080000000, 0x0000000100000000)
  region size 1024K, 3 young (3072K), 3 survivors (3072K)
 Metaspace       used 35235K, committed 36096K, reserved 1114112K
  class space    used 4712K, committed 5120K, reserved 1048576K
}
Event: 9.286 GC heap before
{Heap before GC invocations=9 (full 0):
 garbage-first heap   total 78848K, used 67120K [0x0000000080000000, 0x0000000100000000)
  region size 1024K, 43 young (44032K), 3 survivors (3072K)
 Metaspace       used 40907K, committed 42112K, reserved 1114112K
  class space    used 5608K, committed 6208K, reserved 1048576K
}
Event: 9.293 GC heap after
{Heap after GC invocations=10 (full 0):
 garbage-first heap   total 78848K, used 28371K [0x0000000080000000, 0x0000000100000000)
  region size 1024K, 6 young (6144K), 6 survivors (6144K)
 Metaspace       used 40907K, committed 42112K, reserved 1114112K
  class space    used 5608K, committed 6208K, reserved 1048576K
}
Event: 10.038 GC heap before
{Heap before GC invocations=10 (full 0):
 garbage-first heap   total 78848K, used 65235K [0x0000000080000000, 0x0000000100000000)
  region size 1024K, 43 young (44032K), 6 survivors (6144K)
 Metaspace       used 45788K, committed 46976K, reserved 1114112K
  class space    used 6086K, committed 6656K, reserved 1048576K
}
Event: 10.051 GC heap after
{Heap after GC invocations=11 (full 0):
 garbage-first heap   total 78848K, used 32216K [0x0000000080000000, 0x0000000100000000)
  region size 1024K, 6 young (6144K), 6 survivors (6144K)
 Metaspace       used 45788K, committed 46976K, reserved 1114112K
  class space    used 6086K, committed 6656K, reserved 1048576K
}
Event: 10.609 GC heap before
{Heap before GC invocations=11 (full 0):
 garbage-first heap   total 78848K, used 67032K [0x0000000080000000, 0x0000000100000000)
  region size 1024K, 40 young (40960K), 6 survivors (6144K)
 Metaspace       used 47600K, committed 48896K, reserved 1114112K
  class space    used 6372K, committed 6976K, reserved 1048576K
}
Event: 10.617 GC heap after
{Heap after GC invocations=12 (full 0):
 garbage-first heap   total 95232K, used 34123K [0x0000000080000000, 0x0000000100000000)
  region size 1024K, 2 young (2048K), 2 survivors (2048K)
 Metaspace       used 47600K, committed 48896K, reserved 1114112K
  class space    used 6372K, committed 6976K, reserved 1048576K
}

