# JRE version: OpenJDK Runtime Environment (21.0.6) (build 21.0.6+-13355223-b631.42)
# Java VM: OpenJDK 64-Bit Server VM (21.0.6+-13355223-b631.42, mixed mode, tiered, compressed oops, compressed class ptrs, g1 gc, windows-amd64)
GC Precious Log:
 CardTable entry size: 512
 Card Set container configuration: InlinePtr #cards 5 size 8 Array Of Cards #cards 12 size 40 Howl #buckets 4 coarsen threshold 1843 Howl Bitmap #cards 512 size 80 coarsen threshold 460 Card regions per heap region 1 cards per card region 2048
 CPUs: 8 total, 8 available
 Memory: 6090M
 Large Page Support: Disabled
 NUMA Support: Disabled
 Compressed Oops: Enabled (32-bit)
 Heap Region Size: 1M
 Heap Min Capacity: 8M
 Heap Initial Capacity: 96M
 Heap Max Capacity: 2G
 Pre-touch: Disabled
 Parallel Workers: 8
 Concurrent Workers: 2
 Concurrent Refinement Workers: 8
 Periodic GC: Disabled
Heap:
 garbage-first heap   total 80896K, used 35320K [0x0000000080000000, 0x0000000100000000)
  region size 1024K, 4 young (4096K), 4 survivors (4096K)
 Metaspace       used 53913K, committed 55360K, reserved 1114112K
  class space    used 7257K, committed 7936K, reserved 1048576K
GC Heap History (20 events):
Event: 1.418 GC heap after
{Heap after GC invocations=1 (full 0):
 garbage-first heap   total 98304K, used 3568K [0x0000000080000000, 0x0000000100000000)
  region size 1024K, 3 young (3072K), 3 survivors (3072K)
 Metaspace       used 7993K, committed 8128K, reserved 1114112K
  class space    used 712K, committed 768K, reserved 1048576K
}
Event: 3.049 GC heap before
{Heap before GC invocations=1 (full 0):
 garbage-first heap   total 98304K, used 39408K [0x0000000080000000, 0x0000000100000000)
  region size 1024K, 35 young (35840K), 3 survivors (3072K)
 Metaspace       used 12159K, committed 12352K, reserved 1114112K
  class space    used 1278K, committed 1408K, reserved 1048576K
}
Event: 3.064 GC heap after
{Heap after GC invocations=2 (full 0):
 garbage-first heap   total 98304K, used 10737K [0x0000000080000000, 0x0000000100000000)
  region size 1024K, 5 young (5120K), 5 survivors (5120K)
 Metaspace       used 12159K, committed 12352K, reserved 1114112K
  class space    used 1278K, committed 1408K, reserved 1048576K
}
Event: 4.707 GC heap before
{Heap before GC invocations=2 (full 0):
 garbage-first heap   total 98304K, used 54769K [0x0000000080000000, 0x0000000100000000)
  region size 1024K, 46 young (47104K), 5 survivors (5120K)
 Metaspace       used 12403K, committed 12608K, reserved 1114112K
  class space    used 1308K, committed 1408K, reserved 1048576K
}
Event: 4.722 GC heap after
{Heap after GC invocations=3 (full 0):
 garbage-first heap   total 98304K, used 15767K [0x0000000080000000, 0x0000000100000000)
  region size 1024K, 5 young (5120K), 5 survivors (5120K)
 Metaspace       used 12403K, committed 12608K, reserved 1114112K
  class space    used 1308K, committed 1408K, reserved 1048576K
}
Event: 6.642 GC heap before
{Heap before GC invocations=3 (full 0):
 garbage-first heap   total 98304K, used 46487K [0x0000000080000000, 0x0000000100000000)
  region size 1024K, 36 young (36864K), 5 survivors (5120K)
 Metaspace       used 21155K, committed 21504K, reserved 1114112K
  class space    used 2441K, committed 2624K, reserved 1048576K
}
Event: 6.651 GC heap after
{Heap after GC invocations=4 (full 0):
 garbage-first heap   total 98304K, used 19751K [0x0000000080000000, 0x0000000100000000)
  region size 1024K, 8 young (8192K), 8 survivors (8192K)
 Metaspace       used 21155K, committed 21504K, reserved 1114112K
  class space    used 2441K, committed 2624K, reserved 1048576K
}
Event: 8.767 GC heap before
{Heap before GC invocations=5 (full 0):
 garbage-first heap   total 68608K, used 67879K [0x0000000080000000, 0x0000000100000000)
  region size 1024K, 55 young (56320K), 8 survivors (8192K)
 Metaspace       used 29104K, committed 29760K, reserved 1114112K
  class space    used 3704K, committed 4032K, reserved 1048576K
}
Event: 8.779 GC heap after
{Heap after GC invocations=6 (full 0):
 garbage-first heap   total 80896K, used 22978K [0x0000000080000000, 0x0000000100000000)
  region size 1024K, 7 young (7168K), 7 survivors (7168K)
 Metaspace       used 29104K, committed 29760K, reserved 1114112K
  class space    used 3704K, committed 4032K, reserved 1048576K
}
Event: 10.681 GC heap before
{Heap before GC invocations=6 (full 0):
 garbage-first heap   total 80896K, used 62914K [0x0000000080000000, 0x0000000100000000)
  region size 1024K, 47 young (48128K), 7 survivors (7168K)
 Metaspace       used 34799K, committed 35712K, reserved 1114112K
  class space    used 4626K, committed 5056K, reserved 1048576K
}
Event: 10.689 GC heap after
{Heap after GC invocations=7 (full 0):
 garbage-first heap   total 80896K, used 25164K [0x0000000080000000, 0x0000000100000000)
  region size 1024K, 6 young (6144K), 6 survivors (6144K)
 Metaspace       used 34799K, committed 35712K, reserved 1114112K
  class space    used 4626K, committed 5056K, reserved 1048576K
}
Event: 10.810 GC heap before
{Heap before GC invocations=7 (full 0):
 garbage-first heap   total 80896K, used 29260K [0x0000000080000000, 0x0000000100000000)
  region size 1024K, 11 young (11264K), 6 survivors (6144K)
 Metaspace       used 35271K, committed 36096K, reserved 1114112K
  class space    used 4710K, committed 5120K, reserved 1048576K
}
Event: 10.814 GC heap after
{Heap after GC invocations=8 (full 0):
 garbage-first heap   total 80896K, used 25486K [0x0000000080000000, 0x0000000100000000)
  region size 1024K, 4 young (4096K), 4 survivors (4096K)
 Metaspace       used 35271K, committed 36096K, reserved 1114112K
  class space    used 4710K, committed 5120K, reserved 1048576K
}
Event: 11.874 GC heap before
{Heap before GC invocations=9 (full 0):
 garbage-first heap   total 80896K, used 68494K [0x0000000080000000, 0x0000000100000000)
  region size 1024K, 46 young (47104K), 4 survivors (4096K)
 Metaspace       used 41114K, committed 42368K, reserved 1114112K
  class space    used 5631K, committed 6272K, reserved 1048576K
}
Event: 11.882 GC heap after
{Heap after GC invocations=10 (full 0):
 garbage-first heap   total 80896K, used 28543K [0x0000000080000000, 0x0000000100000000)
  region size 1024K, 6 young (6144K), 6 survivors (6144K)
 Metaspace       used 41114K, committed 42368K, reserved 1114112K
  class space    used 5631K, committed 6272K, reserved 1048576K
}
Event: 12.794 GC heap before
{Heap before GC invocations=10 (full 0):
 garbage-first heap   total 80896K, used 68479K [0x0000000080000000, 0x0000000100000000)
  region size 1024K, 46 young (47104K), 6 survivors (6144K)
 Metaspace       used 46627K, committed 47872K, reserved 1114112K
  class space    used 6220K, committed 6848K, reserved 1048576K
}
Event: 12.806 GC heap after
{Heap after GC invocations=11 (full 0):
 garbage-first heap   total 80896K, used 31620K [0x0000000080000000, 0x0000000100000000)
  region size 1024K, 6 young (6144K), 6 survivors (6144K)
 Metaspace       used 46627K, committed 47872K, reserved 1114112K
  class space    used 6220K, committed 6848K, reserved 1048576K
}
Event: 13.475 GC heap before
{Heap before GC invocations=11 (full 0):
 garbage-first heap   total 80896K, used 69508K [0x0000000080000000, 0x0000000100000000)
  region size 1024K, 43 young (44032K), 6 survivors (6144K)
 Metaspace       used 48590K, committed 49920K, reserved 1114112K
  class space    used 6542K, committed 7232K, reserved 1048576K
}
Event: 13.485 GC heap after
{Heap after GC invocations=12 (full 0):
 garbage-first heap   total 80896K, used 34215K [0x0000000080000000, 0x0000000100000000)
  region size 1024K, 3 young (3072K), 3 survivors (3072K)
 Metaspace       used 48590K, committed 49920K, reserved 1114112K
  class space    used 6542K, committed 7232K, reserved 1048576K
}
Event: 14.657 GC heap before
{Heap before GC invocations=12 (full 0):
 garbage-first heap   total 80896K, used 71079K [0x0000000080000000, 0x0000000100000000)
  region size 1024K, 38 young (38912K), 3 survivors (3072K)
 Metaspace       used 53913K, committed 55360K, reserved 1114112K
  class space    used 7257K, committed 7936K, reserved 1048576K
}

