# JRE version: OpenJDK Runtime Environment (21.0.6) (build 21.0.6+-13355223-b631.42)
# Java VM: OpenJDK 64-Bit Server VM (21.0.6+-13355223-b631.42, mixed mode, tiered, compressed oops, compressed class ptrs, g1 gc, windows-amd64)
GC Precious Log:
 CardTable entry size: 512
 Card Set container configuration: InlinePtr #cards 5 size 8 Array Of Cards #cards 12 size 40 Howl #buckets 4 coarsen threshold 1843 Howl Bitmap #cards 512 size 80 coarsen threshold 460 Card regions per heap region 1 cards per card region 2048
 CPUs: 8 total, 8 available
 Memory: 6090M
 Large Page Support: Disabled
 NUMA Support: Disabled
 Compressed Oops: Enabled (32-bit)
 Heap Region Size: 1M
 Heap Min Capacity: 8M
 Heap Initial Capacity: 96M
 Heap Max Capacity: 2G
 Pre-touch: Disabled
 Parallel Workers: 8
 Concurrent Workers: 2
 Concurrent Refinement Workers: 8
 Periodic GC: Disabled
Heap:
 garbage-first heap   total 138240K, used 114508K [0x0000000080000000, 0x0000000100000000)
  region size 1024K, 40 young (40960K), 7 survivors (7168K)
 Metaspace       used 102012K, committed 104192K, reserved 1179648K
  class space    used 14114K, committed 15232K, reserved 1048576K
GC Heap History (20 events):
Event: 23.502 GC heap before
{Heap before GC invocations=19 (full 0):
 garbage-first heap   total 102400K, used 97319K [0x0000000080000000, 0x0000000100000000)
  region size 1024K, 47 young (48128K), 5 survivors (5120K)
 Metaspace       used 69947K, committed 71744K, reserved 1114112K
  class space    used 9505K, committed 10432K, reserved 1048576K
}
Event: 23.514 GC heap after
{Heap after GC invocations=20 (full 0):
 garbage-first heap   total 109568K, used 60317K [0x0000000080000000, 0x0000000100000000)
  region size 1024K, 6 young (6144K), 6 survivors (6144K)
 Metaspace       used 69947K, committed 71744K, reserved 1114112K
  class space    used 9505K, committed 10432K, reserved 1048576K
}
Event: 25.123 GC heap before
{Heap before GC invocations=20 (full 0):
 garbage-first heap   total 109568K, used 96157K [0x0000000080000000, 0x0000000100000000)
  region size 1024K, 42 young (43008K), 6 survivors (6144K)
 Metaspace       used 73791K, committed 75584K, reserved 1114112K
  class space    used 9931K, committed 10816K, reserved 1048576K
}
Event: 25.134 GC heap after
{Heap after GC invocations=21 (full 0):
 garbage-first heap   total 109568K, used 60936K [0x0000000080000000, 0x0000000100000000)
  region size 1024K, 2 young (2048K), 2 survivors (2048K)
 Metaspace       used 73791K, committed 75584K, reserved 1114112K
  class space    used 9931K, committed 10816K, reserved 1048576K
}
Event: 26.081 GC heap before
{Heap before GC invocations=21 (full 0):
 garbage-first heap   total 109568K, used 87560K [0x0000000080000000, 0x0000000100000000)
  region size 1024K, 29 young (29696K), 2 survivors (2048K)
 Metaspace       used 77266K, committed 79040K, reserved 1179648K
  class space    used 10436K, committed 11328K, reserved 1048576K
}
Event: 26.088 GC heap after
{Heap after GC invocations=22 (full 0):
 garbage-first heap   total 109568K, used 63305K [0x0000000080000000, 0x0000000100000000)
  region size 1024K, 4 young (4096K), 4 survivors (4096K)
 Metaspace       used 77266K, committed 79040K, reserved 1179648K
  class space    used 10436K, committed 11328K, reserved 1048576K
}
Event: 26.825 GC heap before
{Heap before GC invocations=23 (full 0):
 garbage-first heap   total 114688K, used 102217K [0x0000000080000000, 0x0000000100000000)
  region size 1024K, 37 young (37888K), 4 survivors (4096K)
 Metaspace       used 78935K, committed 80832K, reserved 1179648K
  class space    used 10673K, committed 11648K, reserved 1048576K
}
Event: 26.836 GC heap after
{Heap after GC invocations=24 (full 0):
 garbage-first heap   total 114688K, used 67378K [0x0000000080000000, 0x0000000100000000)
  region size 1024K, 5 young (5120K), 5 survivors (5120K)
 Metaspace       used 78935K, committed 80832K, reserved 1179648K
  class space    used 10673K, committed 11648K, reserved 1048576K
}
Event: 27.704 GC heap before
{Heap before GC invocations=24 (full 0):
 garbage-first heap   total 114688K, used 102194K [0x0000000080000000, 0x0000000100000000)
  region size 1024K, 39 young (39936K), 5 survivors (5120K)
 Metaspace       used 81568K, committed 83456K, reserved 1179648K
  class space    used 11009K, committed 11968K, reserved 1048576K
}
Event: 27.716 GC heap after
{Heap after GC invocations=25 (full 0):
 garbage-first heap   total 138240K, used 68847K [0x0000000080000000, 0x0000000100000000)
  region size 1024K, 3 young (3072K), 3 survivors (3072K)
 Metaspace       used 81568K, committed 83456K, reserved 1179648K
  class space    used 11009K, committed 11968K, reserved 1048576K
}
Event: 29.027 GC heap before
{Heap before GC invocations=25 (full 0):
 garbage-first heap   total 138240K, used 115951K [0x0000000080000000, 0x0000000100000000)
  region size 1024K, 49 young (50176K), 3 survivors (3072K)
 Metaspace       used 84897K, committed 86912K, reserved 1179648K
  class space    used 11452K, committed 12480K, reserved 1048576K
}
Event: 29.035 GC heap after
{Heap after GC invocations=26 (full 0):
 garbage-first heap   total 138240K, used 71729K [0x0000000080000000, 0x0000000100000000)
  region size 1024K, 5 young (5120K), 5 survivors (5120K)
 Metaspace       used 84897K, committed 86912K, reserved 1179648K
  class space    used 11452K, committed 12480K, reserved 1048576K
}
Event: 30.487 GC heap before
{Heap before GC invocations=27 (full 0):
 garbage-first heap   total 138240K, used 118833K [0x0000000080000000, 0x0000000100000000)
  region size 1024K, 51 young (52224K), 5 survivors (5120K)
 Metaspace       used 88616K, committed 90624K, reserved 1179648K
  class space    used 12104K, committed 13120K, reserved 1048576K
}
Event: 30.497 GC heap after
{Heap after GC invocations=28 (full 0):
 garbage-first heap   total 138240K, used 73438K [0x0000000080000000, 0x0000000100000000)
  region size 1024K, 5 young (5120K), 5 survivors (5120K)
 Metaspace       used 88616K, committed 90624K, reserved 1179648K
  class space    used 12104K, committed 13120K, reserved 1048576K
}
Event: 31.853 GC heap before
{Heap before GC invocations=28 (full 0):
 garbage-first heap   total 138240K, used 121566K [0x0000000080000000, 0x0000000100000000)
  region size 1024K, 52 young (53248K), 5 survivors (5120K)
 Metaspace       used 92634K, committed 94720K, reserved 1179648K
  class space    used 12695K, committed 13760K, reserved 1048576K
}
Event: 31.866 GC heap after
{Heap after GC invocations=29 (full 0):
 garbage-first heap   total 138240K, used 75076K [0x0000000080000000, 0x0000000100000000)
  region size 1024K, 5 young (5120K), 5 survivors (5120K)
 Metaspace       used 92634K, committed 94720K, reserved 1179648K
  class space    used 12695K, committed 13760K, reserved 1048576K
}
Event: 33.271 GC heap before
{Heap before GC invocations=29 (full 0):
 garbage-first heap   total 138240K, used 123204K [0x0000000080000000, 0x0000000100000000)
  region size 1024K, 52 young (53248K), 5 survivors (5120K)
 Metaspace       used 96419K, committed 98496K, reserved 1179648K
  class space    used 13279K, committed 14336K, reserved 1048576K
}
Event: 33.282 GC heap after
{Heap after GC invocations=30 (full 0):
 garbage-first heap   total 138240K, used 77719K [0x0000000080000000, 0x0000000100000000)
  region size 1024K, 5 young (5120K), 5 survivors (5120K)
 Metaspace       used 96419K, committed 98496K, reserved 1179648K
  class space    used 13279K, committed 14336K, reserved 1048576K
}
Event: 34.808 GC heap before
{Heap before GC invocations=31 (full 0):
 garbage-first heap   total 138240K, used 124823K [0x0000000080000000, 0x0000000100000000)
  region size 1024K, 51 young (52224K), 5 survivors (5120K)
 Metaspace       used 100183K, committed 102336K, reserved 1179648K
  class space    used 13815K, committed 14912K, reserved 1048576K
}
Event: 34.821 GC heap after
{Heap after GC invocations=32 (full 0):
 garbage-first heap   total 138240K, used 81740K [0x0000000080000000, 0x0000000100000000)
  region size 1024K, 7 young (7168K), 7 survivors (7168K)
 Metaspace       used 100183K, committed 102336K, reserved 1179648K
  class space    used 13815K, committed 14912K, reserved 1048576K
}

